{"E:\\Git-flow\\src\\background\\background.ts": {"path":"E:\\Git-flow\\src\\background\\background.ts","statementMap":{"0":{"start":{"line":4,"column":0},"end":{"line":13,"column":3}},"1":{"start":{"line":6,"column":38},"end":{"line":10,"column":6}},"2":{"start":{"line":12,"column":4},"end":{"line":12,"column":45}},"3":{"start":{"line":16,"column":0},"end":{"line":27,"column":3}},"4":{"start":{"line":17,"column":4},"end":{"line":26,"column":5}},"5":{"start":{"line":18,"column":8},"end":{"line":24,"column":11}},"6":{"start":{"line":23,"column":12},"end":{"line":23,"column":35}},"7":{"start":{"line":25,"column":8},"end":{"line":25,"column":20}}},"fnMap":{"0":{"name":"(anonymous_0)","decl":{"start":{"line":4,"column":39},"end":{"line":4,"column":42}},"loc":{"start":{"line":4,"column":44},"end":{"line":13,"column":1}}},"1":{"name":"(anonymous_1)","decl":{"start":{"line":16,"column":37},"end":{"line":16,"column":38}},"loc":{"start":{"line":16,"column":71},"end":{"line":27,"column":1}}},"2":{"name":"(anonymous_2)","decl":{"start":{"line":22,"column":11},"end":{"line":22,"column":12}},"loc":{"start":{"line":22,"column":24},"end":{"line":24,"column":9}}}},"branchMap":{"0":{"loc":{"start":{"line":17,"column":4},"end":{"line":26,"column":5}},"type":"if","locations":[{"start":{"line":17,"column":4},"end":{"line":26,"column":5}}]}},"s":{"0":0,"1":0,"2":0,"3":0,"4":0,"5":0,"6":0,"7":0},"f":{"0":0,"1":0,"2":0},"b":{"0":[0]}}
,"E:\\Git-flow\\src\\content\\content.ts": {"path":"E:\\Git-flow\\src\\content\\content.ts","statementMap":{"0":{"start":{"line":1,"column":0},"end":{"line":1,"column":52}},"1":{"start":{"line":2,"column":0},"end":{"line":2,"column":62}},"2":{"start":{"line":7,"column":12},"end":{"line":7,"column":54}},"3":{"start":{"line":8,"column":12},"end":{"line":8,"column":58}},"4":{"start":{"line":11,"column":8},"end":{"line":11,"column":43}},"5":{"start":{"line":12,"column":8},"end":{"line":12,"column":20}},"6":{"start":{"line":17,"column":8},"end":{"line":19,"column":9}},"7":{"start":{"line":18,"column":12},"end":{"line":18,"column":83}},"8":{"start":{"line":18,"column":41},"end":{"line":18,"column":81}},"9":{"start":{"line":21,"column":8},"end":{"line":21,"column":37}},"10":{"start":{"line":22,"column":8},"end":{"line":22,"column":34}},"11":{"start":{"line":26,"column":25},"end":{"line":33,"column":10}},"12":{"start":{"line":27,"column":12},"end":{"line":32,"column":13}},"13":{"start":{"line":28,"column":16},"end":{"line":31,"column":17}},"14":{"start":{"line":29,"column":20},"end":{"line":29,"column":46}},"15":{"start":{"line":30,"column":20},"end":{"line":30,"column":26}},"16":{"start":{"line":35,"column":8},"end":{"line":38,"column":11}},"17":{"start":{"line":42,"column":8},"end":{"line":45,"column":10}},"18":{"start":{"line":43,"column":12},"end":{"line":44,"column":86}},"19":{"start":{"line":49,"column":27},"end":{"line":49,"column":48}},"20":{"start":{"line":50,"column":8},"end":{"line":50,"column":44}},"21":{"start":{"line":50,"column":37},"end":{"line":50,"column":44}},"22":{"start":{"line":53,"column":26},"end":{"line":53,"column":39}},"23":{"start":{"line":54,"column":21},"end":{"line":54,"column":48}},"24":{"start":{"line":55,"column":25},"end":{"line":55,"column":55}},"25":{"start":{"line":57,"column":8},"end":{"line":57,"column":39}},"26":{"start":{"line":57,"column":32},"end":{"line":57,"column":39}},"27":{"start":{"line":59,"column":8},"end":{"line":59,"column":62}},"28":{"start":{"line":63,"column":8},"end":{"line":63,"column":67}},"29":{"start":{"line":67,"column":26},"end":{"line":67,"column":72}},"30":{"start":{"line":68,"column":8},"end":{"line":70,"column":24}},"31":{"start":{"line":69,"column":25},"end":{"line":69,"column":47}},"32":{"start":{"line":74,"column":30},"end":{"line":75,"column":61}},"33":{"start":{"line":75,"column":25},"end":{"line":75,"column":60}},"34":{"start":{"line":77,"column":8},"end":{"line":77,"column":40}},"35":{"start":{"line":77,"column":28},"end":{"line":77,"column":40}},"36":{"start":{"line":79,"column":25},"end":{"line":79,"column":83}},"37":{"start":{"line":80,"column":8},"end":{"line":80,"column":24}},"38":{"start":{"line":85,"column":8},"end":{"line":89,"column":9}},"39":{"start":{"line":86,"column":12},"end":{"line":86,"column":68}},"40":{"start":{"line":87,"column":12},"end":{"line":87,"column":75}},"41":{"start":{"line":88,"column":12},"end":{"line":88,"column":98}},"42":{"start":{"line":92,"column":8},"end":{"line":94,"column":9}},"43":{"start":{"line":93,"column":12},"end":{"line":93,"column":75}},"44":{"start":{"line":96,"column":8},"end":{"line":101,"column":9}},"45":{"start":{"line":97,"column":26},"end":{"line":97,"column":73}},"46":{"start":{"line":98,"column":12},"end":{"line":98,"column":40}},"47":{"start":{"line":100,"column":12},"end":{"line":100,"column":64}},"48":{"start":{"line":106,"column":0},"end":{"line":106,"column":20}}},"fnMap":{"0":{"name":"(anonymous_0)","decl":{"start":{"line":10,"column":4},"end":{"line":10,"column":null}},"loc":{"start":{"line":10,"column":4},"end":{"line":13,"column":5}}},"1":{"name":"(anonymous_1)","decl":{"start":{"line":15,"column":12},"end":{"line":15,"column":17}},"loc":{"start":{"line":15,"column":22},"end":{"line":23,"column":5}}},"2":{"name":"(anonymous_2)","decl":{"start":{"line":18,"column":30},"end":{"line":18,"column":37}},"loc":{"start":{"line":18,"column":41},"end":{"line":18,"column":81}}},"3":{"name":"(anonymous_3)","decl":{"start":{"line":25,"column":12},"end":{"line":25,"column":33}},"loc":{"start":{"line":25,"column":33},"end":{"line":39,"column":5}}},"4":{"name":"(anonymous_4)","decl":{"start":{"line":26,"column":46},"end":{"line":26,"column":47}},"loc":{"start":{"line":26,"column":60},"end":{"line":33,"column":9}}},"5":{"name":"(anonymous_5)","decl":{"start":{"line":41,"column":12},"end":{"line":41,"column":31}},"loc":{"start":{"line":41,"column":56},"end":{"line":46,"column":5}}},"6":{"name":"(anonymous_6)","decl":{"start":{"line":42,"column":52},"end":{"line":42,"column":56}},"loc":{"start":{"line":43,"column":12},"end":{"line":44,"column":86}}},"7":{"name":"(anonymous_7)","decl":{"start":{"line":48,"column":12},"end":{"line":48,"column":17}},"loc":{"start":{"line":48,"column":36},"end":{"line":60,"column":5}}},"8":{"name":"(anonymous_8)","decl":{"start":{"line":62,"column":12},"end":{"line":62,"column":26}},"loc":{"start":{"line":62,"column":26},"end":{"line":64,"column":5}}},"9":{"name":"(anonymous_9)","decl":{"start":{"line":66,"column":12},"end":{"line":66,"column":23}},"loc":{"start":{"line":66,"column":46},"end":{"line":71,"column":5}}},"10":{"name":"(anonymous_10)","decl":{"start":{"line":69,"column":17},"end":{"line":69,"column":21}},"loc":{"start":{"line":69,"column":25},"end":{"line":69,"column":47}}},"11":{"name":"(anonymous_11)","decl":{"start":{"line":73,"column":12},"end":{"line":73,"column":26}},"loc":{"start":{"line":73,"column":49},"end":{"line":81,"column":5}}},"12":{"name":"(anonymous_12)","decl":{"start":{"line":75,"column":18},"end":{"line":75,"column":21}},"loc":{"start":{"line":75,"column":25},"end":{"line":75,"column":60}}},"13":{"name":"(anonymous_13)","decl":{"start":{"line":83,"column":12},"end":{"line":83,"column":17}},"loc":{"start":{"line":83,"column":90},"end":{"line":102,"column":5}}}},"branchMap":{"0":{"loc":{"start":{"line":17,"column":8},"end":{"line":19,"column":9}},"type":"if","locations":[{"start":{"line":17,"column":8},"end":{"line":19,"column":9}}]},"1":{"loc":{"start":{"line":28,"column":16},"end":{"line":31,"column":17}},"type":"if","locations":[{"start":{"line":28,"column":16},"end":{"line":31,"column":17}}]},"2":{"loc":{"start":{"line":43,"column":12},"end":{"line":44,"column":86}},"type":"binary-expr","locations":[{"start":{"line":43,"column":12},"end":{"line":43,"column":39}},{"start":{"line":44,"column":13},"end":{"line":44,"column":49}},{"start":{"line":44,"column":53},"end":{"line":44,"column":85}}]},"3":{"loc":{"start":{"line":50,"column":8},"end":{"line":50,"column":44}},"type":"if","locations":[{"start":{"line":50,"column":8},"end":{"line":50,"column":44}}]},"4":{"loc":{"start":{"line":57,"column":8},"end":{"line":57,"column":39}},"type":"if","locations":[{"start":{"line":57,"column":8},"end":{"line":57,"column":39}}]},"5":{"loc":{"start":{"line":57,"column":12},"end":{"line":57,"column":30}},"type":"binary-expr","locations":[{"start":{"line":57,"column":12},"end":{"line":57,"column":17}},{"start":{"line":57,"column":21},"end":{"line":57,"column":30}}]},"6":{"loc":{"start":{"line":69,"column":25},"end":{"line":69,"column":47}},"type":"binary-expr","locations":[{"start":{"line":69,"column":25},"end":{"line":69,"column":41}},{"start":{"line":69,"column":45},"end":{"line":69,"column":47}}]},"7":{"loc":{"start":{"line":77,"column":8},"end":{"line":77,"column":40}},"type":"if","locations":[{"start":{"line":77,"column":8},"end":{"line":77,"column":40}}]},"8":{"loc":{"start":{"line":85,"column":8},"end":{"line":89,"column":9}},"type":"if","locations":[{"start":{"line":85,"column":8},"end":{"line":89,"column":9}}]},"9":{"loc":{"start":{"line":92,"column":8},"end":{"line":94,"column":9}},"type":"if","locations":[{"start":{"line":92,"column":8},"end":{"line":94,"column":9}}]}},"s":{"0":0,"1":0,"2":0,"3":0,"4":0,"5":0,"6":0,"7":0,"8":0,"9":0,"10":0,"11":0,"12":0,"13":0,"14":0,"15":0,"16":0,"17":0,"18":0,"19":0,"20":0,"21":0,"22":0,"23":0,"24":0,"25":0,"26":0,"27":0,"28":0,"29":0,"30":0,"31":0,"32":0,"33":0,"34":0,"35":0,"36":0,"37":0,"38":0,"39":0,"40":0,"41":0,"42":0,"43":0,"44":0,"45":0,"46":0,"47":0,"48":0},"f":{"0":0,"1":0,"2":0,"3":0,"4":0,"5":0,"6":0,"7":0,"8":0,"9":0,"10":0,"11":0,"12":0,"13":0},"b":{"0":[0],"1":[0],"2":[0,0,0],"3":[0],"4":[0],"5":[0,0],"6":[0,0],"7":[0],"8":[0],"9":[0]}}
,"E:\\Git-flow\\src\\core\\codeAnalyzer.ts": {"path":"E:\\Git-flow\\src\\core\\codeAnalyzer.ts","statementMap":{"0":{"start":{"line":7,"column":26},"end":{"line":7,"column":66}},"1":{"start":{"line":8,"column":8},"end":{"line":14,"column":9}},"2":{"start":{"line":9,"column":23},"end":{"line":9,"column":43}},"3":{"start":{"line":10,"column":23},"end":{"line":10,"column":43}},"4":{"start":{"line":11,"column":23},"end":{"line":11,"column":39}},"5":{"start":{"line":12,"column":25},"end":{"line":12,"column":39}},"6":{"start":{"line":13,"column":21},"end":{"line":13,"column":33}},"7":{"start":{"line":18,"column":20},"end":{"line":18,"column":56}},"8":{"start":{"line":19,"column":8},"end":{"line":19,"column":48}},"9":{"start":{"line":23,"column":34},"end":{"line":23,"column":36}},"10":{"start":{"line":24,"column":22},"end":{"line":24,"column":38}},"11":{"start":{"line":26,"column":8},"end":{"line":48,"column":9}},"12":{"start":{"line":26,"column":21},"end":{"line":26,"column":22}},"13":{"start":{"line":27,"column":25},"end":{"line":27,"column":40}},"14":{"start":{"line":29,"column":12},"end":{"line":47,"column":13}},"15":{"start":{"line":30,"column":16},"end":{"line":34,"column":19}},"16":{"start":{"line":35,"column":19},"end":{"line":47,"column":13}},"17":{"start":{"line":36,"column":16},"end":{"line":40,"column":19}},"18":{"start":{"line":41,"column":19},"end":{"line":47,"column":13}},"19":{"start":{"line":42,"column":16},"end":{"line":46,"column":19}},"20":{"start":{"line":50,"column":8},"end":{"line":50,"column":21}},"21":{"start":{"line":54,"column":8},"end":{"line":60,"column":12}},"22":{"start":{"line":54,"column":47},"end":{"line":60,"column":10}},"23":{"start":{"line":64,"column":8},"end":{"line":64,"column":80}},"24":{"start":{"line":68,"column":8},"end":{"line":68,"column":54}},"25":{"start":{"line":72,"column":8},"end":{"line":72,"column":44}},"26":{"start":{"line":76,"column":8},"end":{"line":78,"column":67}},"27":{"start":{"line":3,"column":0},"end":{"line":3,"column":13}},"28":{"start":{"line":4,"column":28},"end":{"line":4,"column":108}}},"fnMap":{"0":{"name":"(anonymous_0)","decl":{"start":{"line":6,"column":11},"end":{"line":6,"column":17}},"loc":{"start":{"line":6,"column":49},"end":{"line":15,"column":5}}},"1":{"name":"(anonymous_1)","decl":{"start":{"line":17,"column":11},"end":{"line":17,"column":16}},"loc":{"start":{"line":17,"column":61},"end":{"line":20,"column":5}}},"2":{"name":"(anonymous_2)","decl":{"start":{"line":22,"column":12},"end":{"line":22,"column":17}},"loc":{"start":{"line":22,"column":60},"end":{"line":51,"column":5}}},"3":{"name":"(anonymous_3)","decl":{"start":{"line":53,"column":12},"end":{"line":53,"column":34}},"loc":{"start":{"line":53,"column":56},"end":{"line":61,"column":5}}},"4":{"name":"(anonymous_4)","decl":{"start":{"line":54,"column":29},"end":{"line":54,"column":30}},"loc":{"start":{"line":54,"column":47},"end":{"line":60,"column":10}}},"5":{"name":"(anonymous_5)","decl":{"start":{"line":63,"column":12},"end":{"line":63,"column":22}},"loc":{"start":{"line":63,"column":35},"end":{"line":65,"column":5}}},"6":{"name":"(anonymous_6)","decl":{"start":{"line":67,"column":12},"end":{"line":67,"column":25}},"loc":{"start":{"line":67,"column":38},"end":{"line":69,"column":5}}},"7":{"name":"(anonymous_7)","decl":{"start":{"line":71,"column":12},"end":{"line":71,"column":18}},"loc":{"start":{"line":71,"column":31},"end":{"line":73,"column":5}}},"8":{"name":"(anonymous_8)","decl":{"start":{"line":75,"column":12},"end":{"line":75,"column":25}},"loc":{"start":{"line":75,"column":41},"end":{"line":79,"column":5}}}},"branchMap":{"0":{"loc":{"start":{"line":8,"column":8},"end":{"line":14,"column":9}},"type":"switch","locations":[{"start":{"line":9,"column":12},"end":{"line":9,"column":43}},{"start":{"line":10,"column":12},"end":{"line":10,"column":43}},{"start":{"line":11,"column":12},"end":{"line":11,"column":39}},{"start":{"line":12,"column":12},"end":{"line":12,"column":39}},{"start":{"line":13,"column":12},"end":{"line":13,"column":33}}]},"1":{"loc":{"start":{"line":29,"column":12},"end":{"line":47,"column":13}},"type":"if","locations":[{"start":{"line":29,"column":12},"end":{"line":47,"column":13}},{"start":{"line":35,"column":19},"end":{"line":47,"column":13}}]},"2":{"loc":{"start":{"line":35,"column":19},"end":{"line":47,"column":13}},"type":"if","locations":[{"start":{"line":35,"column":19},"end":{"line":47,"column":13}},{"start":{"line":41,"column":19},"end":{"line":47,"column":13}}]},"3":{"loc":{"start":{"line":41,"column":19},"end":{"line":47,"column":13}},"type":"if","locations":[{"start":{"line":41,"column":19},"end":{"line":47,"column":13}}]},"4":{"loc":{"start":{"line":58,"column":25},"end":{"line":58,"column":82}},"type":"cond-expr","locations":[{"start":{"line":58,"column":56},"end":{"line":58,"column":77}},{"start":{"line":58,"column":80},"end":{"line":58,"column":82}}]},"5":{"loc":{"start":{"line":78,"column":33},"end":{"line":78,"column":65}},"type":"cond-expr","locations":[{"start":{"line":78,"column":55},"end":{"line":78,"column":60}},{"start":{"line":78,"column":63},"end":{"line":78,"column":65}}]}},"s":{"0":5,"1":5,"2":1,"3":1,"4":1,"5":1,"6":1,"7":2,"8":2,"9":2,"10":2,"11":2,"12":2,"13":14,"14":14,"15":2,"16":12,"17":2,"18":10,"19":0,"20":2,"21":2,"22":4,"23":14,"24":12,"25":10,"26":4,"27":1,"28":1},"f":{"0":5,"1":2,"2":2,"3":2,"4":4,"5":14,"6":12,"7":10,"8":4},"b":{"0":[1,1,1,1,1],"1":[2,12],"2":[2,10],"3":[0],"4":[2,2],"5":[0,4]}}
,"E:\\Git-flow\\src\\core\\flowchartRenderer.ts": {"path":"E:\\Git-flow\\src\\core\\flowchartRenderer.ts","statementMap":{"0":{"start":{"line":2,"column":0},"end":{"line":2,"column":25}},"1":{"start":{"line":12,"column":8},"end":{"line":12,"column":35}},"2":{"start":{"line":13,"column":8},"end":{"line":13,"column":27}},"3":{"start":{"line":14,"column":8},"end":{"line":14,"column":29}},"4":{"start":{"line":15,"column":8},"end":{"line":15,"column":24}},"5":{"start":{"line":17,"column":8},"end":{"line":21,"column":44}},"6":{"start":{"line":25,"column":8},"end":{"line":25,"column":27}},"7":{"start":{"line":26,"column":8},"end":{"line":26,"column":21}},"8":{"start":{"line":27,"column":8},"end":{"line":27,"column":25}},"9":{"start":{"line":28,"column":8},"end":{"line":28,"column":31}},"10":{"start":{"line":29,"column":8},"end":{"line":29,"column":33}},"11":{"start":{"line":33,"column":8},"end":{"line":33,"column":41}},"12":{"start":{"line":37,"column":26},"end":{"line":37,"column":29}},"13":{"start":{"line":38,"column":27},"end":{"line":38,"column":29}},"14":{"start":{"line":39,"column":32},"end":{"line":39,"column":34}},"15":{"start":{"line":41,"column":27},"end":{"line":49,"column":87}},"16":{"start":{"line":47,"column":29},"end":{"line":47,"column":33}},"17":{"start":{"line":49,"column":16},"end":{"line":49,"column":86}},"18":{"start":{"line":52,"column":8},"end":{"line":74,"column":11}},"19":{"start":{"line":53,"column":25},"end":{"line":53,"column":44}},"20":{"start":{"line":54,"column":12},"end":{"line":73,"column":13}},"21":{"start":{"line":56,"column":20},"end":{"line":59,"column":39}},"22":{"start":{"line":60,"column":20},"end":{"line":60,"column":26}},"23":{"start":{"line":62,"column":20},"end":{"line":63,"column":76}},"24":{"start":{"line":64,"column":20},"end":{"line":64,"column":26}},"25":{"start":{"line":66,"column":20},"end":{"line":67,"column":76}},"26":{"start":{"line":68,"column":20},"end":{"line":68,"column":26}},"27":{"start":{"line":70,"column":20},"end":{"line":72,"column":52}},"28":{"start":{"line":77,"column":8},"end":{"line":82,"column":32}},"29":{"start":{"line":82,"column":23},"end":{"line":82,"column":30}},"30":{"start":{"line":86,"column":21},"end":{"line":86,"column":30}},"31":{"start":{"line":88,"column":8},"end":{"line":109,"column":11}},"32":{"start":{"line":89,"column":12},"end":{"line":108,"column":15}},"33":{"start":{"line":90,"column":33},"end":{"line":90,"column":85}},"34":{"start":{"line":91,"column":33},"end":{"line":91,"column":86}},"35":{"start":{"line":93,"column":16},"end":{"line":107,"column":17}},"36":{"start":{"line":94,"column":39},"end":{"line":94,"column":57}},"37":{"start":{"line":95,"column":39},"end":{"line":95,"column":57}},"38":{"start":{"line":97,"column":44},"end":{"line":97,"column":71}},"39":{"start":{"line":98,"column":44},"end":{"line":98,"column":71}},"40":{"start":{"line":100,"column":20},"end":{"line":106,"column":63}},"41":{"start":{"line":113,"column":27},"end":{"line":113,"column":83}},"42":{"start":{"line":115,"column":8},"end":{"line":126,"column":15}},"43":{"start":{"line":117,"column":16},"end":{"line":117,"column":70}},"44":{"start":{"line":118,"column":16},"end":{"line":118,"column":48}},"45":{"start":{"line":121,"column":16},"end":{"line":121,"column":71}},"46":{"start":{"line":122,"column":16},"end":{"line":122,"column":39}},"47":{"start":{"line":125,"column":16},"end":{"line":125,"column":40}},"48":{"start":{"line":130,"column":8},"end":{"line":132,"column":86}},"49":{"start":{"line":132,"column":17},"end":{"line":132,"column":84}},"50":{"start":{"line":136,"column":8},"end":{"line":137,"column":43}},"51":{"start":{"line":142,"column":22},"end":{"line":144,"column":10}},"52":{"start":{"line":145,"column":8},"end":{"line":145,"column":44}},"53":{"start":{"line":149,"column":26},"end":{"line":149,"column":59}},"54":{"start":{"line":150,"column":8},"end":{"line":150,"column":46}},"55":{"start":{"line":150,"column":24},"end":{"line":150,"column":46}},"56":{"start":{"line":152,"column":22},"end":{"line":152,"column":69}},"57":{"start":{"line":153,"column":8},"end":{"line":153,"column":42}},"58":{"start":{"line":153,"column":20},"end":{"line":153,"column":42}},"59":{"start":{"line":155,"column":8},"end":{"line":158,"column":10}},"60":{"start":{"line":162,"column":8},"end":{"line":162,"column":92}},"61":{"start":{"line":166,"column":23},"end":{"line":166,"column":34}},"62":{"start":{"line":167,"column":8},"end":{"line":167,"column":136}},"63":{"start":{"line":4,"column":0},"end":{"line":4,"column":13}}},"fnMap":{"0":{"name":"(anonymous_9)","decl":{"start":{"line":11,"column":4},"end":{"line":11,"column":16}},"loc":{"start":{"line":11,"column":81},"end":{"line":22,"column":5}}},"1":{"name":"(anonymous_10)","decl":{"start":{"line":24,"column":11},"end":{"line":24,"column":17}},"loc":{"start":{"line":24,"column":40},"end":{"line":30,"column":5}}},"2":{"name":"(anonymous_11)","decl":{"start":{"line":32,"column":12},"end":{"line":32,"column":17}},"loc":{"start":{"line":32,"column":17},"end":{"line":34,"column":5}}},"3":{"name":"(anonymous_12)","decl":{"start":{"line":36,"column":12},"end":{"line":36,"column":21}},"loc":{"start":{"line":36,"column":21},"end":{"line":83,"column":5}}},"4":{"name":"(anonymous_13)","decl":{"start":{"line":47,"column":24},"end":{"line":47,"column":25}},"loc":{"start":{"line":47,"column":29},"end":{"line":47,"column":33}}},"5":{"name":"(anonymous_14)","decl":{"start":{"line":48,"column":31},"end":{"line":48,"column":32}},"loc":{"start":{"line":49,"column":16},"end":{"line":49,"column":86}}},"6":{"name":"(anonymous_15)","decl":{"start":{"line":52,"column":24},"end":{"line":52,"column":25}},"loc":{"start":{"line":52,"column":40},"end":{"line":74,"column":9}}},"7":{"name":"(anonymous_16)","decl":{"start":{"line":82,"column":18},"end":{"line":82,"column":19}},"loc":{"start":{"line":82,"column":23},"end":{"line":82,"column":30}}},"8":{"name":"(anonymous_17)","decl":{"start":{"line":85,"column":12},"end":{"line":85,"column":27}},"loc":{"start":{"line":85,"column":27},"end":{"line":110,"column":5}}},"9":{"name":"(anonymous_18)","decl":{"start":{"line":88,"column":27},"end":{"line":88,"column":31}},"loc":{"start":{"line":88,"column":34},"end":{"line":109,"column":9}}},"10":{"name":"(anonymous_19)","decl":{"start":{"line":89,"column":37},"end":{"line":89,"column":45}},"loc":{"start":{"line":89,"column":48},"end":{"line":108,"column":13}}},"11":{"name":"(anonymous_20)","decl":{"start":{"line":112,"column":12},"end":{"line":112,"column":29}},"loc":{"start":{"line":112,"column":29},"end":{"line":127,"column":5}}},"12":{"name":"(anonymous_21)","decl":{"start":{"line":116,"column":29},"end":{"line":116,"column":30}},"loc":{"start":{"line":116,"column":42},"end":{"line":119,"column":13}}},"13":{"name":"(anonymous_22)","decl":{"start":{"line":120,"column":28},"end":{"line":120,"column":29}},"loc":{"start":{"line":120,"column":38},"end":{"line":123,"column":13}}},"14":{"name":"(anonymous_23)","decl":{"start":{"line":124,"column":25},"end":{"line":124,"column":26}},"loc":{"start":{"line":124,"column":38},"end":{"line":126,"column":13}}},"15":{"name":"(anonymous_24)","decl":{"start":{"line":129,"column":12},"end":{"line":129,"column":32}},"loc":{"start":{"line":129,"column":47},"end":{"line":133,"column":5}}},"16":{"name":"(anonymous_25)","decl":{"start":{"line":131,"column":36},"end":{"line":131,"column":37}},"loc":{"start":{"line":132,"column":17},"end":{"line":132,"column":84}}},"17":{"name":"(anonymous_26)","decl":{"start":{"line":135,"column":12},"end":{"line":135,"column":27}},"loc":{"start":{"line":135,"column":27},"end":{"line":138,"column":5}}},"18":{"name":"(anonymous_27)","decl":{"start":{"line":140,"column":12},"end":{"line":140,"column":27}},"loc":{"start":{"line":140,"column":47},"end":{"line":146,"column":5}}},"19":{"name":"(anonymous_28)","decl":{"start":{"line":148,"column":12},"end":{"line":148,"column":24}},"loc":{"start":{"line":148,"column":45},"end":{"line":159,"column":5}}},"20":{"name":"(anonymous_29)","decl":{"start":{"line":161,"column":12},"end":{"line":161,"column":23}},"loc":{"start":{"line":161,"column":53},"end":{"line":163,"column":5}}},"21":{"name":"(anonymous_30)","decl":{"start":{"line":165,"column":12},"end":{"line":165,"column":23}},"loc":{"start":{"line":165,"column":53},"end":{"line":168,"column":5}}}},"branchMap":{"0":{"loc":{"start":{"line":11,"column":40},"end":{"line":11,"column":59}},"type":"default-arg","locations":[{"start":{"line":11,"column":56},"end":{"line":11,"column":59}}]},"1":{"loc":{"start":{"line":11,"column":61},"end":{"line":11,"column":81}},"type":"default-arg","locations":[{"start":{"line":11,"column":78},"end":{"line":11,"column":81}}]},"2":{"loc":{"start":{"line":54,"column":12},"end":{"line":73,"column":13}},"type":"switch","locations":[{"start":{"line":55,"column":16},"end":{"line":60,"column":26}},{"start":{"line":61,"column":16},"end":{"line":64,"column":26}},{"start":{"line":65,"column":16},"end":{"line":68,"column":26}},{"start":{"line":69,"column":16},"end":{"line":72,"column":52}}]},"3":{"loc":{"start":{"line":93,"column":16},"end":{"line":107,"column":17}},"type":"if","locations":[{"start":{"line":93,"column":16},"end":{"line":107,"column":17}}]},"4":{"loc":{"start":{"line":93,"column":20},"end":{"line":93,"column":40}},"type":"binary-expr","locations":[{"start":{"line":93,"column":20},"end":{"line":93,"column":28}},{"start":{"line":93,"column":32},"end":{"line":93,"column":40}}]},"5":{"loc":{"start":{"line":132,"column":17},"end":{"line":132,"column":84}},"type":"binary-expr","locations":[{"start":{"line":132,"column":17},"end":{"line":132,"column":48}},{"start":{"line":132,"column":53},"end":{"line":132,"column":84}}]},"6":{"loc":{"start":{"line":150,"column":8},"end":{"line":150,"column":46}},"type":"if","locations":[{"start":{"line":150,"column":8},"end":{"line":150,"column":46}}]},"7":{"loc":{"start":{"line":153,"column":8},"end":{"line":153,"column":42}},"type":"if","locations":[{"start":{"line":153,"column":8},"end":{"line":153,"column":42}}]}},"s":{"0":0,"1":0,"2":0,"3":0,"4":0,"5":0,"6":0,"7":0,"8":0,"9":0,"10":0,"11":0,"12":0,"13":0,"14":0,"15":0,"16":0,"17":0,"18":0,"19":0,"20":0,"21":0,"22":0,"23":0,"24":0,"25":0,"26":0,"27":0,"28":0,"29":0,"30":0,"31":0,"32":0,"33":0,"34":0,"35":0,"36":0,"37":0,"38":0,"39":0,"40":0,"41":0,"42":0,"43":0,"44":0,"45":0,"46":0,"47":0,"48":0,"49":0,"50":0,"51":0,"52":0,"53":0,"54":0,"55":0,"56":0,"57":0,"58":0,"59":0,"60":0,"61":0,"62":0,"63":0},"f":{"0":0,"1":0,"2":0,"3":0,"4":0,"5":0,"6":0,"7":0,"8":0,"9":0,"10":0,"11":0,"12":0,"13":0,"14":0,"15":0,"16":0,"17":0,"18":0,"19":0,"20":0,"21":0},"b":{"0":[0],"1":[0],"2":[0,0,0,0],"3":[0],"4":[0,0],"5":[0,0],"6":[0],"7":[0]}}
,"E:\\Git-flow\\src\\ui\\popup.ts": {"path":"E:\\Git-flow\\src\\ui\\popup.ts","statementMap":{"0":{"start":{"line":3,"column":0},"end":{"line":54,"column":3}},"1":{"start":{"line":4,"column":25},"end":{"line":4,"column":84}},"2":{"start":{"line":7,"column":38},"end":{"line":11,"column":6}},"3":{"start":{"line":13,"column":4},"end":{"line":18,"column":7}},"4":{"start":{"line":14,"column":25},"end":{"line":14,"column":42}},"5":{"start":{"line":15,"column":9},"end":{"line":15,"column":87}},"6":{"start":{"line":16,"column":9},"end":{"line":16,"column":100}},"7":{"start":{"line":17,"column":9},"end":{"line":17,"column":103}},"8":{"start":{"line":21,"column":4},"end":{"line":53,"column":7}},"9":{"start":{"line":22,"column":8},"end":{"line":22,"column":27}},"10":{"start":{"line":24,"column":23},"end":{"line":24,"column":104}},"11":{"start":{"line":25,"column":29},"end":{"line":25,"column":123}},"12":{"start":{"line":26,"column":30},"end":{"line":26,"column":99}},"13":{"start":{"line":28,"column":35},"end":{"line":32,"column":10}},"14":{"start":{"line":34,"column":8},"end":{"line":42,"column":11}},"15":{"start":{"line":35,"column":27},"end":{"line":35,"column":60}},"16":{"start":{"line":36,"column":12},"end":{"line":41,"column":13}},"17":{"start":{"line":37,"column":16},"end":{"line":37,"column":55}},"18":{"start":{"line":38,"column":16},"end":{"line":40,"column":25}},"19":{"start":{"line":39,"column":20},"end":{"line":39,"column":44}},"20":{"start":{"line":45,"column":8},"end":{"line":52,"column":11}},"21":{"start":{"line":46,"column":12},"end":{"line":51,"column":13}},"22":{"start":{"line":47,"column":16},"end":{"line":50,"column":19}}},"fnMap":{"0":{"name":"(anonymous_0)","decl":{"start":{"line":3,"column":46},"end":{"line":3,"column":49}},"loc":{"start":{"line":3,"column":51},"end":{"line":54,"column":1}}},"1":{"name":"(anonymous_1)","decl":{"start":{"line":13,"column":45},"end":{"line":13,"column":46}},"loc":{"start":{"line":13,"column":55},"end":{"line":18,"column":5}}},"2":{"name":"(anonymous_2)","decl":{"start":{"line":21,"column":44},"end":{"line":21,"column":45}},"loc":{"start":{"line":21,"column":50},"end":{"line":53,"column":5}}},"3":{"name":"(anonymous_3)","decl":{"start":{"line":34,"column":42},"end":{"line":34,"column":45}},"loc":{"start":{"line":34,"column":47},"end":{"line":42,"column":9}}},"4":{"name":"(anonymous_4)","decl":{"start":{"line":38,"column":27},"end":{"line":38,"column":30}},"loc":{"start":{"line":38,"column":32},"end":{"line":40,"column":17}}},"5":{"name":"(anonymous_5)","decl":{"start":{"line":45,"column":65},"end":{"line":45,"column":66}},"loc":{"start":{"line":45,"column":74},"end":{"line":52,"column":9}}}},"branchMap":{"0":{"loc":{"start":{"line":36,"column":12},"end":{"line":41,"column":13}},"type":"if","locations":[{"start":{"line":36,"column":12},"end":{"line":41,"column":13}}]},"1":{"loc":{"start":{"line":46,"column":12},"end":{"line":51,"column":13}},"type":"if","locations":[{"start":{"line":46,"column":12},"end":{"line":51,"column":13}}]}},"s":{"0":0,"1":0,"2":0,"3":0,"4":0,"5":0,"6":0,"7":0,"8":0,"9":0,"10":0,"11":0,"12":0,"13":0,"14":0,"15":0,"16":0,"17":0,"18":0,"19":0,"20":0,"21":0,"22":0},"f":{"0":0,"1":0,"2":0,"3":0,"4":0,"5":0},"b":{"0":[0],"1":[0]}}
}
