TN:
SF:src\background\background.ts
FN:4,(anonymous_0)
FN:16,(anonymous_1)
FN:22,(anonymous_2)
FNF:3
FNH:0
FNDA:0,(anonymous_0)
FNDA:0,(anonymous_1)
FNDA:0,(anonymous_2)
DA:4,0
DA:6,0
DA:12,0
DA:16,0
DA:17,0
DA:18,0
DA:23,0
DA:25,0
LF:8
LH:0
BRDA:17,0,0,0
BRF:1
BRH:0
end_of_record
TN:
SF:src\content\content.ts
FN:10,(anonymous_0)
FN:15,(anonymous_1)
FN:18,(anonymous_2)
FN:25,(anonymous_3)
FN:26,(anonymous_4)
FN:41,(anonymous_5)
FN:42,(anonymous_6)
FN:48,(anonymous_7)
FN:62,(anonymous_8)
FN:66,(anonymous_9)
FN:69,(anonymous_10)
FN:73,(anonymous_11)
FN:75,(anonymous_12)
FN:83,(anonymous_13)
FNF:14
FNH:0
FNDA:0,(anonymous_0)
FNDA:0,(anonymous_1)
FNDA:0,(anonymous_2)
FNDA:0,(anonymous_3)
FNDA:0,(anonymous_4)
FNDA:0,(anonymous_5)
FNDA:0,(anonymous_6)
FNDA:0,(anonymous_7)
FNDA:0,(anonymous_8)
FNDA:0,(anonymous_9)
FNDA:0,(anonymous_10)
FNDA:0,(anonymous_11)
FNDA:0,(anonymous_12)
FNDA:0,(anonymous_13)
DA:1,0
DA:2,0
DA:7,0
DA:8,0
DA:11,0
DA:12,0
DA:17,0
DA:18,0
DA:21,0
DA:22,0
DA:26,0
DA:27,0
DA:28,0
DA:29,0
DA:30,0
DA:35,0
DA:42,0
DA:43,0
DA:49,0
DA:50,0
DA:53,0
DA:54,0
DA:55,0
DA:57,0
DA:59,0
DA:63,0
DA:67,0
DA:68,0
DA:69,0
DA:74,0
DA:75,0
DA:77,0
DA:79,0
DA:80,0
DA:85,0
DA:86,0
DA:87,0
DA:88,0
DA:92,0
DA:93,0
DA:96,0
DA:97,0
DA:98,0
DA:100,0
DA:106,0
LF:45
LH:0
BRDA:17,0,0,0
BRDA:28,1,0,0
BRDA:43,2,0,0
BRDA:43,2,1,0
BRDA:43,2,2,0
BRDA:50,3,0,0
BRDA:57,4,0,0
BRDA:57,5,0,0
BRDA:57,5,1,0
BRDA:69,6,0,0
BRDA:69,6,1,0
BRDA:77,7,0,0
BRDA:85,8,0,0
BRDA:92,9,0,0
BRF:14
BRH:0
end_of_record
TN:
SF:src\core\codeAnalyzer.ts
FN:6,(anonymous_0)
FN:17,(anonymous_1)
FN:22,(anonymous_2)
FN:53,(anonymous_3)
FN:54,(anonymous_4)
FN:63,(anonymous_5)
FN:67,(anonymous_6)
FN:71,(anonymous_7)
FN:75,(anonymous_8)
FNF:9
FNH:9
FNDA:5,(anonymous_0)
FNDA:2,(anonymous_1)
FNDA:2,(anonymous_2)
FNDA:2,(anonymous_3)
FNDA:4,(anonymous_4)
FNDA:14,(anonymous_5)
FNDA:12,(anonymous_6)
FNDA:10,(anonymous_7)
FNDA:4,(anonymous_8)
DA:3,1
DA:4,1
DA:7,5
DA:8,5
DA:9,1
DA:10,1
DA:11,1
DA:12,1
DA:13,1
DA:18,2
DA:19,2
DA:23,2
DA:24,2
DA:26,2
DA:27,14
DA:29,14
DA:30,2
DA:35,12
DA:36,2
DA:41,10
DA:42,0
DA:50,2
DA:54,4
DA:64,14
DA:68,12
DA:72,10
DA:76,4
LF:27
LH:26
BRDA:8,0,0,1
BRDA:8,0,1,1
BRDA:8,0,2,1
BRDA:8,0,3,1
BRDA:8,0,4,1
BRDA:29,1,0,2
BRDA:29,1,1,12
BRDA:35,2,0,2
BRDA:35,2,1,10
BRDA:41,3,0,0
BRDA:58,4,0,2
BRDA:58,4,1,2
BRDA:78,5,0,0
BRDA:78,5,1,4
BRF:14
BRH:12
end_of_record
TN:
SF:src\core\flowchartRenderer.ts
FN:11,(anonymous_9)
FN:24,(anonymous_10)
FN:32,(anonymous_11)
FN:36,(anonymous_12)
FN:47,(anonymous_13)
FN:48,(anonymous_14)
FN:52,(anonymous_15)
FN:82,(anonymous_16)
FN:85,(anonymous_17)
FN:88,(anonymous_18)
FN:89,(anonymous_19)
FN:112,(anonymous_20)
FN:116,(anonymous_21)
FN:120,(anonymous_22)
FN:124,(anonymous_23)
FN:129,(anonymous_24)
FN:131,(anonymous_25)
FN:135,(anonymous_26)
FN:140,(anonymous_27)
FN:148,(anonymous_28)
FN:161,(anonymous_29)
FN:165,(anonymous_30)
FNF:22
FNH:0
FNDA:0,(anonymous_9)
FNDA:0,(anonymous_10)
FNDA:0,(anonymous_11)
FNDA:0,(anonymous_12)
FNDA:0,(anonymous_13)
FNDA:0,(anonymous_14)
FNDA:0,(anonymous_15)
FNDA:0,(anonymous_16)
FNDA:0,(anonymous_17)
FNDA:0,(anonymous_18)
FNDA:0,(anonymous_19)
FNDA:0,(anonymous_20)
FNDA:0,(anonymous_21)
FNDA:0,(anonymous_22)
FNDA:0,(anonymous_23)
FNDA:0,(anonymous_24)
FNDA:0,(anonymous_25)
FNDA:0,(anonymous_26)
FNDA:0,(anonymous_27)
FNDA:0,(anonymous_28)
FNDA:0,(anonymous_29)
FNDA:0,(anonymous_30)
DA:2,0
DA:4,0
DA:12,0
DA:13,0
DA:14,0
DA:15,0
DA:17,0
DA:25,0
DA:26,0
DA:27,0
DA:28,0
DA:29,0
DA:33,0
DA:37,0
DA:38,0
DA:39,0
DA:41,0
DA:47,0
DA:49,0
DA:52,0
DA:53,0
DA:54,0
DA:56,0
DA:60,0
DA:62,0
DA:64,0
DA:66,0
DA:68,0
DA:70,0
DA:77,0
DA:82,0
DA:86,0
DA:88,0
DA:89,0
DA:90,0
DA:91,0
DA:93,0
DA:94,0
DA:95,0
DA:97,0
DA:98,0
DA:100,0
DA:113,0
DA:115,0
DA:117,0
DA:118,0
DA:121,0
DA:122,0
DA:125,0
DA:130,0
DA:132,0
DA:136,0
DA:142,0
DA:145,0
DA:149,0
DA:150,0
DA:152,0
DA:153,0
DA:155,0
DA:162,0
DA:166,0
DA:167,0
LF:62
LH:0
BRDA:11,0,0,0
BRDA:11,1,0,0
BRDA:54,2,0,0
BRDA:54,2,1,0
BRDA:54,2,2,0
BRDA:54,2,3,0
BRDA:93,3,0,0
BRDA:93,4,0,0
BRDA:93,4,1,0
BRDA:132,5,0,0
BRDA:132,5,1,0
BRDA:150,6,0,0
BRDA:153,7,0,0
BRF:13
BRH:0
end_of_record
TN:
SF:src\ui\popup.ts
FN:3,(anonymous_0)
FN:13,(anonymous_1)
FN:21,(anonymous_2)
FN:34,(anonymous_3)
FN:38,(anonymous_4)
FN:45,(anonymous_5)
FNF:6
FNH:0
FNDA:0,(anonymous_0)
FNDA:0,(anonymous_1)
FNDA:0,(anonymous_2)
FNDA:0,(anonymous_3)
FNDA:0,(anonymous_4)
FNDA:0,(anonymous_5)
DA:3,0
DA:4,0
DA:7,0
DA:13,0
DA:14,0
DA:15,0
DA:16,0
DA:17,0
DA:21,0
DA:22,0
DA:24,0
DA:25,0
DA:26,0
DA:28,0
DA:34,0
DA:35,0
DA:36,0
DA:37,0
DA:38,0
DA:39,0
DA:45,0
DA:46,0
DA:47,0
LF:23
LH:0
BRDA:36,0,0,0
BRDA:46,1,0,0
BRF:2
BRH:0
end_of_record
